# JRE version: Java(TM) SE Runtime Environment (17.0.12+8) (build 17.0.12+8-LTS-286)
# Java VM: Java HotSpot(TM) 64-Bit Server VM (17.0.12+8-LTS-286, mixed mode, sharing, tiered, compressed oops, compressed class ptrs, g1 gc, windows-amd64)
GC Precious Log:
 CPUs: 16 total, 16 available
 Memory: 16096M
 Large Page Support: Disabled
 NUMA Support: Disabled
 Compressed Oops: Enabled (Zero based)
 Heap Region Size: 4M
 Heap Min Capacity: 8M
 Heap Initial Capacity: 252M
 Heap Max Capacity: 4536M
 Pre-touch: Disabled
 Parallel Workers: 13
 Concurrent Workers: 3
 Concurrent Refinement Workers: 13
 Periodic GC: Disabled
Heap:
 garbage-first heap   total 159744K, used 96541K [0x00000006e4800000, 0x0000000800000000)
  region size 4096K, 5 young (20480K), 2 survivors (8192K)
 Metaspace       used 78027K, committed 78720K, reserved 1179648K
  class space    used 10616K, committed 10944K, reserved 1048576K
GC Heap History (20 events):
Event: 15.179 GC heap before
{Heap before GC invocations=16 (full 0):
 garbage-first heap   total 110592K, used 87272K [0x00000006e4800000, 0x0000000800000000)
  region size 4096K, 12 young (49152K), 2 survivors (8192K)
 Metaspace       used 55890K, committed 56384K, reserved 1114112K
  class space    used 7587K, committed 7808K, reserved 1048576K
}
Event: 15.183 GC heap after
{Heap after GC invocations=17 (full 0):
 garbage-first heap   total 135168K, used 59581K [0x00000006e4800000, 0x0000000800000000)
  region size 4096K, 2 young (8192K), 2 survivors (8192K)
 Metaspace       used 55890K, committed 56384K, reserved 1114112K
  class space    used 7587K, committed 7808K, reserved 1048576K
}
Event: 15.553 GC heap before
{Heap before GC invocations=17 (full 0):
 garbage-first heap   total 135168K, used 92349K [0x00000006e4800000, 0x0000000800000000)
  region size 4096K, 11 young (45056K), 2 survivors (8192K)
 Metaspace       used 59503K, committed 60096K, reserved 1114112K
  class space    used 8006K, committed 8320K, reserved 1048576K
}
Event: 15.555 GC heap after
{Heap after GC invocations=18 (full 0):
 garbage-first heap   total 135168K, used 60965K [0x00000006e4800000, 0x0000000800000000)
  region size 4096K, 1 young (4096K), 1 survivors (4096K)
 Metaspace       used 59503K, committed 60096K, reserved 1114112K
  class space    used 8006K, committed 8320K, reserved 1048576K
}
Event: 16.086 GC heap before
{Heap before GC invocations=19 (full 0):
 garbage-first heap   total 135168K, used 93733K [0x00000006e4800000, 0x0000000800000000)
  region size 4096K, 10 young (40960K), 1 survivors (4096K)
 Metaspace       used 61773K, committed 62400K, reserved 1114112K
  class space    used 8371K, committed 8640K, reserved 1048576K
}
Event: 16.089 GC heap after
{Heap after GC invocations=20 (full 0):
 garbage-first heap   total 135168K, used 67292K [0x00000006e4800000, 0x0000000800000000)
  region size 4096K, 2 young (8192K), 2 survivors (8192K)
 Metaspace       used 61773K, committed 62400K, reserved 1114112K
  class space    used 8371K, committed 8640K, reserved 1048576K
}
Event: 17.996 GC heap before
{Heap before GC invocations=20 (full 0):
 garbage-first heap   total 135168K, used 95964K [0x00000006e4800000, 0x0000000800000000)
  region size 4096K, 10 young (40960K), 2 survivors (8192K)
 Metaspace       used 63739K, committed 64320K, reserved 1114112K
  class space    used 8637K, committed 8896K, reserved 1048576K
}
Event: 17.999 GC heap after
{Heap after GC invocations=21 (full 0):
 garbage-first heap   total 135168K, used 68950K [0x00000006e4800000, 0x0000000800000000)
  region size 4096K, 2 young (8192K), 2 survivors (8192K)
 Metaspace       used 63739K, committed 64320K, reserved 1114112K
  class space    used 8637K, committed 8896K, reserved 1048576K
}
Event: 18.321 GC heap before
{Heap before GC invocations=22 (full 0):
 garbage-first heap   total 135168K, used 89430K [0x00000006e4800000, 0x0000000800000000)
  region size 4096K, 9 young (36864K), 2 survivors (8192K)
 Metaspace       used 65760K, committed 66304K, reserved 1114112K
  class space    used 8903K, committed 9152K, reserved 1048576K
}
Event: 18.323 GC heap after
{Heap after GC invocations=23 (full 0):
 garbage-first heap   total 135168K, used 70252K [0x00000006e4800000, 0x0000000800000000)
  region size 4096K, 2 young (8192K), 2 survivors (8192K)
 Metaspace       used 65760K, committed 66304K, reserved 1114112K
  class space    used 8903K, committed 9152K, reserved 1048576K
}
Event: 18.633 GC heap before
{Heap before GC invocations=24 (full 0):
 garbage-first heap   total 139264K, used 103020K [0x00000006e4800000, 0x0000000800000000)
  region size 4096K, 9 young (36864K), 2 survivors (8192K)
 Metaspace       used 69192K, committed 69824K, reserved 1114112K
  class space    used 9372K, committed 9664K, reserved 1048576K
}
Event: 18.636 GC heap after
{Heap after GC invocations=25 (full 0):
 garbage-first heap   total 139264K, used 75587K [0x00000006e4800000, 0x0000000800000000)
  region size 4096K, 1 young (4096K), 1 survivors (4096K)
 Metaspace       used 69192K, committed 69824K, reserved 1114112K
  class space    used 9372K, committed 9664K, reserved 1048576K
}
Event: 19.052 GC heap before
{Heap before GC invocations=25 (full 0):
 garbage-first heap   total 139264K, used 108355K [0x00000006e4800000, 0x0000000800000000)
  region size 4096K, 9 young (36864K), 1 survivors (4096K)
 Metaspace       used 72945K, committed 73536K, reserved 1114112K
  class space    used 9884K, committed 10176K, reserved 1048576K
}
Event: 19.055 GC heap after
{Heap after GC invocations=26 (full 0):
 garbage-first heap   total 139264K, used 76804K [0x00000006e4800000, 0x0000000800000000)
  region size 4096K, 1 young (4096K), 1 survivors (4096K)
 Metaspace       used 72945K, committed 73536K, reserved 1114112K
  class space    used 9884K, committed 10176K, reserved 1048576K
}
Event: 19.329 GC heap before
{Heap before GC invocations=27 (full 0):
 garbage-first heap   total 139264K, used 109572K [0x00000006e4800000, 0x0000000800000000)
  region size 4096K, 9 young (36864K), 1 survivors (4096K)
 Metaspace       used 75350K, committed 75968K, reserved 1179648K
  class space    used 10206K, committed 10496K, reserved 1048576K
}
Event: 19.332 GC heap after
{Heap after GC invocations=28 (full 0):
 garbage-first heap   total 139264K, used 78354K [0x00000006e4800000, 0x0000000800000000)
  region size 4096K, 2 young (8192K), 2 survivors (8192K)
 Metaspace       used 75350K, committed 75968K, reserved 1179648K
  class space    used 10206K, committed 10496K, reserved 1048576K
}
Event: 23.858 GC heap before
{Heap before GC invocations=28 (full 0):
 garbage-first heap   total 139264K, used 107026K [0x00000006e4800000, 0x0000000800000000)
  region size 4096K, 9 young (36864K), 2 survivors (8192K)
 Metaspace       used 76277K, committed 76864K, reserved 1179648K
  class space    used 10345K, committed 10624K, reserved 1048576K
}
Event: 23.862 GC heap after
{Heap after GC invocations=29 (full 0):
 garbage-first heap   total 139264K, used 80718K [0x00000006e4800000, 0x0000000800000000)
  region size 4096K, 2 young (8192K), 2 survivors (8192K)
 Metaspace       used 76277K, committed 76864K, reserved 1179648K
  class space    used 10345K, committed 10624K, reserved 1048576K
}
Event: 24.020 GC heap before
{Heap before GC invocations=30 (full 0):
 garbage-first heap   total 159744K, used 109390K [0x00000006e4800000, 0x0000000800000000)
  region size 4096K, 9 young (36864K), 2 survivors (8192K)
 Metaspace       used 76533K, committed 77184K, reserved 1179648K
  class space    used 10396K, committed 10688K, reserved 1048576K
}
Event: 24.026 GC heap after
{Heap after GC invocations=31 (full 0):
 garbage-first heap   total 159744K, used 83487K [0x00000006e4800000, 0x0000000800000000)
  region size 4096K, 2 young (8192K), 2 survivors (8192K)
 Metaspace       used 76533K, committed 77184K, reserved 1179648K
  class space    used 10396K, committed 10688K, reserved 1048576K
}

